<?xml version="1.0" encoding="UTF-8"?>
<testng-results skipped="0" failed="0" ignored="0" total="1" passed="1">
  <reporter-output>
  </reporter-output>
  <suite name="Default suite" duration-ms="20004" started-at="2020-04-03T23:29:09 MDT" finished-at="2020-04-03T23:29:29 MDT">
    <groups>
    </groups>
    <test name="Default test" duration-ms="20004" started-at="2020-04-03T23:29:09 MDT" finished-at="2020-04-03T23:29:29 MDT">
      <class name="Test.AddContactTest">
        <test-method status="PASS" signature="AddingContact()[pri:0, instance:Test.AddContactTest@6b695b06]" name="AddingContact" duration-ms="19969" started-at="2020-04-03T23:29:09 MDT" finished-at="2020-04-03T23:29:29 MDT">
          <reporter-output>
          </reporter-output>
        </test-method> <!-- AddingContact -->
      </class> <!-- Test.AddContactTest -->
    </test> <!-- Default test -->
  </suite> <!-- Default suite -->
</testng-results>
